Crashlog created at Mon Mar 04 13:56:13 -0800 2013

===== MESSAGE:

NoMethodError: undefined method `find_all' for Gem::Specification:Class

===== COMPILATION STACK:

  (empty)

===== STACK TRACE:

  0. /Library/Ruby/Gems/1.8/gems/nanoc-3.6.0/lib/nanoc/cli/error_handler.rb:183:in `gems_and_versions'
  1. /Library/Ruby/Gems/1.8/gems/nanoc-3.6.0/lib/nanoc/cli/error_handler.rb:331:in `write_installed_gems'
  2. /Library/Ruby/Gems/1.8/gems/nanoc-3.6.0/lib/nanoc/cli/error_handler.rb:150:in `write_verbose_error'
  3. /Library/Ruby/Gems/1.8/gems/nanoc-3.6.0/lib/nanoc/cli/error_handler.rb:103:in `print_error'
  4. /Library/Ruby/Gems/1.8/gems/nanoc-3.6.0/lib/nanoc/cli/error_handler.rb:100:in `open'
  5. /Library/Ruby/Gems/1.8/gems/nanoc-3.6.0/lib/nanoc/cli/error_handler.rb:100:in `print_error'
  6. /Library/Ruby/Gems/1.8/gems/nanoc-3.6.0/lib/nanoc/cli/error_handler.rb:77:in `handle_while'
  7. /Library/Ruby/Gems/1.8/gems/nanoc-3.6.0/lib/nanoc/cli/error_handler.rb:26:in `handle_while'
  8. /Library/Ruby/Gems/1.8/gems/nanoc-3.6.0/lib/nanoc/cli/command_runner.rb:13:in `call'
  9. /Library/Ruby/Gems/1.8/gems/cri-2.3.0/lib/cri/command_dsl.rb:185:in `runner'
  10. /Library/Ruby/Gems/1.8/gems/cri-2.3.0/lib/cri/command.rb:296:in `call'
  11. /Library/Ruby/Gems/1.8/gems/cri-2.3.0/lib/cri/command.rb:296:in `run_this'
  12. /Library/Ruby/Gems/1.8/gems/cri-2.3.0/lib/cri/command.rb:249:in `run'
  13. /Library/Ruby/Gems/1.8/gems/cri-2.3.0/lib/cri/command.rb:262:in `run'
  14. /Library/Ruby/Gems/1.8/gems/nanoc-3.6.0/lib/nanoc/cli.rb:52:in `run'
  15. /Library/Ruby/Gems/1.8/gems/nanoc-3.6.0/lib/nanoc/cli/error_handler.rb:70:in `handle_while'
  16. /Library/Ruby/Gems/1.8/gems/nanoc-3.6.0/lib/nanoc/cli/error_handler.rb:26:in `handle_while'
  17. /Library/Ruby/Gems/1.8/gems/nanoc-3.6.0/lib/nanoc/cli.rb:50:in `run'
  18. /Library/Ruby/Gems/1.8/gems/nanoc-3.6.0/bin/nanoc:19
  19. /usr/bin/nanoc:19:in `load'
  ... 22 more lines omitted. See full crash log for details.

===== VERSION INFORMATION:

nanoc 3.6.0 © 2007-2013 Denis Defreyne.
Running ruby 1.8.7 (2012-02-08) on universal-darwin12.0 with RubyGems 1.3.6.

===== SYSTEM INFORMATION:

Darwin 10-162-143-220.wireless.oregonstate.edu 12.2.0 Darwin Kernel Version 12.2.0: Sat Aug 25 00:48:52 PDT 2012; root:xnu-2050.18.24~1/RELEASE_X86_64 x86_64

===== INSTALLED GEMS:

